1572310404873: Detected a tag: 3504ADC1D006F6712A0609BC
1572310404877: This is not a Pixie tag.
1572310404877: Entered a time point. Next time point is: 318050000
Tag totals found during this time period:
1572310404878: Checking for matches.
1572310404878: Found no 000000000000073 entries this time interval. Skipping it.
1572310404878: Reporting Wet Tags
1572310404878: Tag 000000000000073 has had max sends. Skipping.
1572310404879: Tag 000000000000062 has had max sends. Skipping.
1572310404879: Tag 000000000000080 has had max sends. Skipping.
1572310406246: Detected a tag: 3504ADCDA001E4E12A092D50
1572310406249: This is not a Pixie tag.
1572310406249: Entered a time point. Next time point is: 318100000
Tag totals found during this time period:
1572310406249: Checking for matches.
1572310406254: Found no 000000000000073 entries this time interval. Skipping it.
1572310406254: Reporting Wet Tags
1572310406254: Tag 000000000000073 has had max sends. Skipping.
1572310406254: Tag 000000000000062 has had max sends. Skipping.
1572310406255: Tag 000000000000080 has had max sends. Skipping.
1572310645085: Detected a tag: 3504ADC1D006F6712A0609BC
1572310645088: This is not a Pixie tag.
1572310645088: Entered a time point. Next time point is: 318150000
Tag totals found during this time period:
1572310645089: Checking for matches.
1572310645089: Found no 000000000000073 entries this time interval. Skipping it.
1572310645090: Reporting Wet Tags
1572310645090: Tag 000000000000073 has had max sends. Skipping.
1572310645090: Tag 000000000000062 has had max sends. Skipping.
1572310645091: Tag 000000000000080 has had max sends. Skipping.
1572310645994: Detected a tag: 3504ADC1D006F6712A0609BC
1572310645997: This is not a Pixie tag.
1572310645998: Entered a time point. Next time point is: 318200000
Tag totals found during this time period:
1572310645998: Checking for matches.
1572310645998: Found no 000000000000073 entries this time interval. Skipping it.
1572310645999: Reporting Wet Tags
1572310645999: Tag 000000000000073 has had max sends. Skipping.
1572310646000: Tag 000000000000062 has had max sends. Skipping.
1572310646000: Tag 000000000000080 has had max sends. Skipping.
1572310648909: Detected a tag: 3504ADC1D006F6712A0609BC
1572310648913: This is not a Pixie tag.
1572310648914: Entered a time point. Next time point is: 318250000
Tag totals found during this time period:
1572310648915: Checking for matches.
1572310648915: Found no 000000000000073 entries this time interval. Skipping it.
1572310648915: Reporting Wet Tags
1572310648915: Tag 000000000000073 has had max sends. Skipping.
1572310648916: Tag 000000000000062 has had max sends. Skipping.
1572310648916: Tag 000000000000080 has had max sends. Skipping.
1572310649360: Detected a tag: 3504ADCDA001E4E12A092D50
1572310649363: This is not a Pixie tag.
1572310649363: Entered a time point. Next time point is: 318300000
Tag totals found during this time period:
1572310649364: Checking for matches.
1572310649364: Found no 000000000000073 entries this time interval. Skipping it.
1572310649364: Reporting Wet Tags
1572310649365: Tag 000000000000073 has had max sends. Skipping.
1572310649365: Tag 000000000000062 has had max sends. Skipping.
1572310649365: Tag 000000000000080 has had max sends. Skipping.
1572310649787: Detected a tag: 3504ADC1D006F6712A0609BC
1572310649792: This is not a Pixie tag.
1572310649795: Entered a time point. Next time point is: 318350000
Tag totals found during this time period:
1572310649796: Checking for matches.
1572310649796: Found no 000000000000073 entries this time interval. Skipping it.
1572310649799: Reporting Wet Tags
1572310649799: Tag 000000000000073 has had max sends. Skipping.
1572310649800: Tag 000000000000062 has had max sends. Skipping.
1572310649800: Tag 000000000000080 has had max sends. Skipping.
1572310686890: Detected a tag: 3504ADC1D006F6712A0609BC
1572310686894: This is not a Pixie tag.
1572310686895: Entered a time point. Next time point is: 318400000
Tag totals found during this time period:
1572310686895: Checking for matches.
1572310686895: Found no 000000000000073 entries this time interval. Skipping it.
1572310686896: Reporting Wet Tags
1572310686896: Tag 000000000000073 has had max sends. Skipping.
1572310686896: Tag 000000000000062 has had max sends. Skipping.
1572310686896: Tag 000000000000080 has had max sends. Skipping.
1572310694860: Detected a tag: 3504ADC1D006F6712A0609BC
1572310694864: This is not a Pixie tag.
1572310694864: Entered a time point. Next time point is: 318450000
Tag totals found during this time period:
1572310694864: Checking for matches.
1572310694864: Found no 000000000000073 entries this time interval. Skipping it.
1572310694869: Reporting Wet Tags
1572310694869: Tag 000000000000073 has had max sends. Skipping.
1572310694870: Tag 000000000000062 has had max sends. Skipping.
1572310694870: Tag 000000000000080 has had max sends. Skipping.
1572310706169: Detected a tag: 3504ADC1D006F6712A0609BC
1572310706171: This is not a Pixie tag.
1572310706176: Entered a time point. Next time point is: 318500000
Tag totals found during this time period:
1572310706176: Checking for matches.
1572310706176: Found no 000000000000073 entries this time interval. Skipping it.
1572310706176: Reporting Wet Tags
1572310706177: Tag 000000000000073 has had max sends. Skipping.
1572310706177: Tag 000000000000062 has had max sends. Skipping.
1572310706183: Tag 000000000000080 has had max sends. Skipping.
1572310707110: Detected a tag: 3504ADC1D006F6712A0609BC
1572310707113: This is not a Pixie tag.
1572310707115: Entered a time point. Next time point is: 318550000
Tag totals found during this time period:
1572310707116: Checking for matches.
1572310707116: Found no 000000000000073 entries this time interval. Skipping it.
1572310707116: Reporting Wet Tags
1572310707119: Tag 000000000000073 has had max sends. Skipping.
1572310707119: Tag 000000000000062 has had max sends. Skipping.
1572310707119: Tag 000000000000080 has had max sends. Skipping.
1572310710362: Detected a tag: 3504ADC1D006F6712A0609BC
1572310710365: This is not a Pixie tag.
1572310710366: Entered a time point. Next time point is: 318600000
Tag totals found during this time period:
1572310710366: Checking for matches.
1572310710366: Found no 000000000000073 entries this time interval. Skipping it.
1572310710367: Reporting Wet Tags
1572310710367: Tag 000000000000073 has had max sends. Skipping.
1572310710367: Tag 000000000000062 has had max sends. Skipping.
1572310710367: Tag 000000000000080 has had max sends. Skipping.
1572310712778: Detected a tag: 3504ADC1D006F6712A0609BC
1572310712784: This is not a Pixie tag.
1572310712784: Entered a time point. Next time point is: 318650000
Tag totals found during this time period:
1572310712785: Checking for matches.
1572310712785: Found no 000000000000073 entries this time interval. Skipping it.
1572310712785: Reporting Wet Tags
1572310712785: Tag 000000000000073 has had max sends. Skipping.
1572310712786: Tag 000000000000062 has had max sends. Skipping.
1572310712786: Tag 000000000000080 has had max sends. Skipping.
1572310713857: Detected a tag: 3504ADC1D006F6712A0609BC
1572310713858: This is not a Pixie tag.
1572310713858: Entered a time point. Next time point is: 318700000
Tag totals found during this time period:
1572310713858: Checking for matches.
1572310713858: Found no 000000000000073 entries this time interval. Skipping it.
1572310713858: Reporting Wet Tags
1572310713858: Tag 000000000000073 has had max sends. Skipping.
1572310713859: Tag 000000000000062 has had max sends. Skipping.
1572310713859: Tag 000000000000080 has had max sends. Skipping.
1572310714971: Detected a tag: 3504ADC1D006F6712A0609BC
1572310714973: This is not a Pixie tag.
1572310714974: Entered a time point. Next time point is: 318750000
Tag totals found during this time period:
1572310714974: Checking for matches.
1572310714974: Found no 000000000000073 entries this time interval. Skipping it.
1572310714975: Reporting Wet Tags
1572310714975: Tag 000000000000073 has had max sends. Skipping.
1572310714975: Tag 000000000000062 has had max sends. Skipping.
1572310714975: Tag 000000000000080 has had max sends. Skipping.
1572310716428: Detected a tag: 3504ADC1D006F6712A0609BC
1572310716433: This is not a Pixie tag.
1572310716435: Entered a time point. Next time point is: 318800000
Tag totals found during this time period:
1572310716436: Checking for matches.
1572310716436: Found no 000000000000073 entries this time interval. Skipping it.
1572310716436: Reporting Wet Tags
1572310716436: Tag 000000000000073 has had max sends. Skipping.
1572310716439: Tag 000000000000062 has had max sends. Skipping.
1572310716439: Tag 000000000000080 has had max sends. Skipping.
1572310716508: Detected a tag: 3504ADCDA001E4E12A092D50
1572310716517: This is not a Pixie tag.
1572310716525: Entered a time point. Next time point is: 318850000
Tag totals found during this time period:
1572310716526: Checking for matches.
1572310716526: Found no 000000000000073 entries this time interval. Skipping it.
1572310716526: Reporting Wet Tags
1572310716526: Tag 000000000000073 has had max sends. Skipping.
1572310716526: Tag 000000000000062 has had max sends. Skipping.
1572310716527: Tag 000000000000080 has had max sends. Skipping.
1572310992465: Detected a tag: 3504ADC1D006F6712A0609BC
1572310992468: This is not a Pixie tag.
1572310992468: Entered a time point. Next time point is: 318900000
Tag totals found during this time period:
1572310992469: Checking for matches.
1572310992469: Found no 000000000000073 entries this time interval. Skipping it.
1572310992469: Reporting Wet Tags
1572310992469: Tag 000000000000073 has had max sends. Skipping.
1572310992470: Tag 000000000000062 has had max sends. Skipping.
1572310992470: Tag 000000000000080 has had max sends. Skipping.
1572310993340: Detected a tag: 3504ADC1D006F6712A0609BC
1572310993344: This is not a Pixie tag.
1572310993345: Entered a time point. Next time point is: 318950000
Tag totals found during this time period:
1572310993345: Checking for matches.
1572310993348: Found no 000000000000073 entries this time interval. Skipping it.
1572310993348: Reporting Wet Tags
1572310993348: Tag 000000000000073 has had max sends. Skipping.
1572310993348: Tag 000000000000062 has had max sends. Skipping.
1572310993351: Tag 000000000000080 has had max sends. Skipping.
1572310994216: Detected a tag: 3504ADC1D006F6712A0609BC
1572310994219: This is not a Pixie tag.
1572310994220: Entered a time point. Next time point is: 319000000
Tag totals found during this time period:
1572310994220: Checking for matches.
1572310994220: Found no 000000000000073 entries this time interval. Skipping it.
1572310994221: Reporting Wet Tags
1572310994221: Tag 000000000000073 has had max sends. Skipping.
1572310994221: Tag 000000000000062 has had max sends. Skipping.
1572310994221: Tag 000000000000080 has had max sends. Skipping.
1572310995672: Detected a tag: 3504ADC1D006F6712A0609BC
1572310995675: This is not a Pixie tag.
1572310995676: Entered a time point. Next time point is: 319050000
Tag totals found during this time period:
1572310995676: Checking for matches.
1572310995676: Found no 000000000000073 entries this time interval. Skipping it.
1572310995676: Reporting Wet Tags
1572310995677: Tag 000000000000073 has had max sends. Skipping.
1572310995677: Tag 000000000000062 has had max sends. Skipping.
1572310995677: Tag 000000000000080 has had max sends. Skipping.
1572310996536: Detected a tag: 3504ADC1D006F6712A0609BC
1572310996551: This is not a Pixie tag.
1572310996551: Entered a time point. Next time point is: 319100000
Tag totals found during this time period:
1572310996552: Checking for matches.
1572310996552: Found no 000000000000073 entries this time interval. Skipping it.
1572310996552: Reporting Wet Tags
1572310996561: Tag 000000000000073 has had max sends. Skipping.
1572310996561: Tag 000000000000062 has had max sends. Skipping.
1572310996562: Tag 000000000000080 has had max sends. Skipping.
1572310999212: Detected a tag: 3504ADC1D006F6712A0609BC
1572310999216: This is not a Pixie tag.
1572310999219: Entered a time point. Next time point is: 319150000
Tag totals found during this time period:
1572310999219: Checking for matches.
1572310999220: Found no 000000000000073 entries this time interval. Skipping it.
1572310999224: Reporting Wet Tags
1572310999225: Tag 000000000000073 has had max sends. Skipping.
1572310999225: Tag 000000000000062 has had max sends. Skipping.
1572310999225: Tag 000000000000080 has had max sends. Skipping.
1572311000463: Detected a tag: 3504ADC1D006F6712A0609BC
1572311000466: This is not a Pixie tag.
1572311000466: Entered a time point. Next time point is: 319200000
Tag totals found during this time period:
1572311000467: Checking for matches.
1572311000467: Found no 000000000000073 entries this time interval. Skipping it.
1572311000467: Reporting Wet Tags
1572311000468: Tag 000000000000073 has had max sends. Skipping.
1572311000468: Tag 000000000000062 has had max sends. Skipping.
1572311000468: Tag 000000000000080 has had max sends. Skipping.
1572340679039: Detected a tag: 3504ADC1D006F6712A0609BC
1572340679042: This is not a Pixie tag.
1572340679042: Entered a time point. Next time point is: 319250000
Tag totals found during this time period:
1572340679042: Checking for matches.
1572340679043: Found no 000000000000073 entries this time interval. Skipping it.
1572340679043: Reporting Wet Tags
1572340679043: Tag 000000000000073 has had max sends. Skipping.
1572340679044: Tag 000000000000062 has had max sends. Skipping.
1572340679044: Tag 000000000000080 has had max sends. Skipping.
1572361186982: Detected a tag: 3504ADC1D006F6712A0609BC
1572361186987: This is not a Pixie tag.
1572361186987: Entered a time point. Next time point is: 319300000
Tag totals found during this time period:
1572361186989: Checking for matches.
1572361186989: Found no 000000000000073 entries this time interval. Skipping it.
1572361186992: Reporting Wet Tags
1572361186993: Tag 000000000000073 has had max sends. Skipping.
1572361186993: Tag 000000000000062 has had max sends. Skipping.
1572361186993: Tag 000000000000080 has had max sends. Skipping.
1572361262899: Detected a tag: 3504ADCDA001E4E12A092D50
1572361262904: This is not a Pixie tag.
1572361262905: Entered a time point. Next time point is: 319350000
Tag totals found during this time period:
1572361262908: Checking for matches.
1572361262908: Found no 000000000000073 entries this time interval. Skipping it.
1572361262908: Reporting Wet Tags
1572361262909: Tag 000000000000073 has had max sends. Skipping.
1572361262909: Tag 000000000000062 has had max sends. Skipping.
1572361262909: Tag 000000000000080 has had max sends. Skipping.
1572361301538: Detected a tag: 3504ADC1D006F6712A0609BC
1572361301547: This is not a Pixie tag.
1572361301549: Entered a time point. Next time point is: 319400000
Tag totals found during this time period:
1572361301549: Checking for matches.
1572361301549: Found no 000000000000073 entries this time interval. Skipping it.
1572361301553: Reporting Wet Tags
1572361301555: Tag 000000000000073 has had max sends. Skipping.
1572361301555: Tag 000000000000062 has had max sends. Skipping.
1572361301555: Tag 000000000000080 has had max sends. Skipping.
1572361339297: Detected a tag: 3504ADC1D006F6712A0609BC
1572361339301: This is not a Pixie tag.
1572361339302: Entered a time point. Next time point is: 319450000
Tag totals found during this time period:
1572361339302: Checking for matches.
1572361339302: Found no 000000000000073 entries this time interval. Skipping it.
1572361339303: Reporting Wet Tags
1572361339303: Tag 000000000000073 has had max sends. Skipping.
1572361339303: Tag 000000000000062 has had max sends. Skipping.
1572361339304: Tag 000000000000080 has had max sends. Skipping.
1572361347006: Detected a tag: 3504ADC1D006F6712A0609BC
1572361347010: This is not a Pixie tag.
1572361347010: Entered a time point. Next time point is: 319500000
Tag totals found during this time period:
1572361347012: Checking for matches.
1572361347012: Found no 000000000000073 entries this time interval. Skipping it.
1572361347012: Reporting Wet Tags
1572361347012: Tag 000000000000073 has had max sends. Skipping.
1572361347013: Tag 000000000000062 has had max sends. Skipping.
1572361347013: Tag 000000000000080 has had max sends. Skipping.
1572361347912: Detected a tag: 3504ADC1D006F6712A0609BC
1572361347918: This is not a Pixie tag.
1572361347919: Entered a time point. Next time point is: 319550000
Tag totals found during this time period:
1572361347919: Checking for matches.
1572361347920: Found no 000000000000073 entries this time interval. Skipping it.
1572361347921: Reporting Wet Tags
1572361347921: Tag 000000000000073 has had max sends. Skipping.
1572361347923: Tag 000000000000062 has had max sends. Skipping.
1572361347923: Tag 000000000000080 has had max sends. Skipping.
1572361349122: Detected a tag: 3504ADC1D006F6712A0609BC
1572361349128: This is not a Pixie tag.
1572361349128: Entered a time point. Next time point is: 319600000
Tag totals found during this time period:
1572361349129: Checking for matches.
1572361349130: Found no 000000000000073 entries this time interval. Skipping it.
1572361349131: Reporting Wet Tags
1572361349131: Tag 000000000000073 has had max sends. Skipping.
1572361349131: Tag 000000000000062 has had max sends. Skipping.
1572361349131: Tag 000000000000080 has had max sends. Skipping.
1572361350801: Detected a tag: 3504ADC1D006F6712A0609BC
1572361350808: This is not a Pixie tag.
1572361350808: Entered a time point. Next time point is: 319650000
Tag totals found during this time period:
1572361350810: Checking for matches.
1572361350813: Found no 000000000000073 entries this time interval. Skipping it.
1572361350813: Reporting Wet Tags
1572361350818: Tag 000000000000073 has had max sends. Skipping.
1572361350819: Tag 000000000000062 has had max sends. Skipping.
1572361350819: Tag 000000000000080 has had max sends. Skipping.
1572361522337: Detected a tag: 3504ADC1D006F6712A0609BC
1572361522340: This is not a Pixie tag.
1572361522342: Entered a time point. Next time point is: 319700000
Tag totals found during this time period:
1572361522342: Checking for matches.
1572361522342: Found no 000000000000073 entries this time interval. Skipping it.
1572361522343: Reporting Wet Tags
1572361522343: Tag 000000000000073 has had max sends. Skipping.
1572361522344: Tag 000000000000062 has had max sends. Skipping.
1572361522344: Tag 000000000000080 has had max sends. Skipping.
1572361557237: Detected a tag: 3504ADC1D006F6712A0609BC
1572361557240: This is not a Pixie tag.
1572361557240: Entered a time point. Next time point is: 319750000
Tag totals found during this time period:
1572361557241: Checking for matches.
1572361557241: Found no 000000000000073 entries this time interval. Skipping it.
1572361557241: Reporting Wet Tags
1572361557241: Tag 000000000000073 has had max sends. Skipping.
1572361557242: Tag 000000000000062 has had max sends. Skipping.
1572361557242: Tag 000000000000080 has had max sends. Skipping.
1572361564341: Detected a tag: 3504ADC1D006F6712A0609BC
1572361564344: This is not a Pixie tag.
1572361564344: Entered a time point. Next time point is: 319800000
Tag totals found during this time period:
1572361564345: Checking for matches.
1572361564345: Found no 000000000000073 entries this time interval. Skipping it.
1572361564345: Reporting Wet Tags
1572361564345: Tag 000000000000073 has had max sends. Skipping.
1572361564346: Tag 000000000000062 has had max sends. Skipping.
1572361564346: Tag 000000000000080 has had max sends. Skipping.
1572361587975: Detected a tag: 3504ADCDA001E4E12A092D50
1572361588008: This is not a Pixie tag.
1572361588009: Entered a time point. Next time point is: 319850000
Tag totals found during this time period:
1572361588010: Checking for matches.
1572361588010: Found no 000000000000073 entries this time interval. Skipping it.
1572361588010: Reporting Wet Tags
1572361588010: Tag 000000000000073 has had max sends. Skipping.
1572361588011: Tag 000000000000062 has had max sends. Skipping.
1572361588012: Tag 000000000000080 has had max sends. Skipping.
1572361588056: Detected a tag: 3504ADC1D006F6712A0609BC
1572361588061: This is not a Pixie tag.
1572361588061: Entered a time point. Next time point is: 319900000
Tag totals found during this time period:
1572361588063: Checking for matches.
1572361588063: Found no 000000000000073 entries this time interval. Skipping it.
1572361588064: Reporting Wet Tags
1572361588064: Tag 000000000000073 has had max sends. Skipping.
1572361588066: Tag 000000000000062 has had max sends. Skipping.
1572361588067: Tag 000000000000080 has had max sends. Skipping.
1572361696267: Detected a tag: 3504ADC1D006F6712A0609BC
1572361696270: This is not a Pixie tag.
1572361696270: Entered a time point. Next time point is: 319950000
Tag totals found during this time period:
1572361696271: Checking for matches.
1572361696271: Found no 000000000000073 entries this time interval. Skipping it.
1572361696271: Reporting Wet Tags
1572361696272: Tag 000000000000073 has had max sends. Skipping.
1572361696272: Tag 000000000000062 has had max sends. Skipping.
1572361696272: Tag 000000000000080 has had max sends. Skipping.
1572361697981: Detected a tag: 3504ADC1D006F6712A0609BC
1572361697984: This is not a Pixie tag.
1572361697984: Entered a time point. Next time point is: 320000000
Tag totals found during this time period:
1572361697985: Checking for matches.
1572361697985: Found no 000000000000073 entries this time interval. Skipping it.
1572361697985: Reporting Wet Tags
1572361697985: Tag 000000000000073 has had max sends. Skipping.
1572361697986: Tag 000000000000062 has had max sends. Skipping.
1572361697986: Tag 000000000000080 has had max sends. Skipping.
1572361699455: Detected a tag: 3504ADC1D006F6712A0609BC
1572361699458: This is not a Pixie tag.
1572361699458: Entered a time point. Next time point is: 320050000
Tag totals found during this time period:
1572361699458: Checking for matches.
1572361699459: Found no 000000000000073 entries this time interval. Skipping it.
1572361699461: Reporting Wet Tags
1572361699461: Tag 000000000000073 has had max sends. Skipping.
1572361699461: Tag 000000000000062 has had max sends. Skipping.
1572361699461: Tag 000000000000080 has had max sends. Skipping.
1572361739056: Detected a tag: 3504ADCDA001E4E12A092D50
1572361739064: This is not a Pixie tag.
1572361739068: Entered a time point. Next time point is: 320100000
Tag totals found during this time period:
1572361739069: Checking for matches.
1572361739069: Found no 000000000000073 entries this time interval. Skipping it.
1572361739069: Reporting Wet Tags
1572361739069: Tag 000000000000073 has had max sends. Skipping.
1572361739070: Tag 000000000000062 has had max sends. Skipping.
1572361739071: Tag 000000000000080 has had max sends. Skipping.
1572361780593: Detected a tag: 3504ADCDA001E4E12A092D50
1572361780596: This is not a Pixie tag.
1572361780596: Entered a time point. Next time point is: 320150000
Tag totals found during this time period:
1572361780597: Checking for matches.
1572361780597: Found no 000000000000073 entries this time interval. Skipping it.
1572361780598: Reporting Wet Tags
1572361780598: Tag 000000000000073 has had max sends. Skipping.
1572361780598: Tag 000000000000062 has had max sends. Skipping.
1572361780598: Tag 000000000000080 has had max sends. Skipping.
1572361795386: Detected a tag: 3504ADC1D006F6712A0609BC
1572361795389: This is not a Pixie tag.
1572361795390: Entered a time point. Next time point is: 320200000
Tag totals found during this time period:
1572361795390: Checking for matches.
1572361795390: Found no 000000000000073 entries this time interval. Skipping it.
1572361795391: Reporting Wet Tags
1572361795391: Tag 000000000000073 has had max sends. Skipping.
1572361795391: Tag 000000000000062 has had max sends. Skipping.
1572361795391: Tag 000000000000080 has had max sends. Skipping.
1572361796921: Detected a tag: 3504ADC1D006F6712A0609BC
1572361796925: This is not a Pixie tag.
1572361796925: Entered a time point. Next time point is: 320250000
Tag totals found during this time period:
1572361796926: Checking for matches.
1572361796926: Found no 000000000000073 entries this time interval. Skipping it.
1572361796926: Reporting Wet Tags
1572361796926: Tag 000000000000073 has had max sends. Skipping.
1572361796927: Tag 000000000000062 has had max sends. Skipping.
1572361796928: Tag 000000000000080 has had max sends. Skipping.
1572361845479: Detected a tag: 3504ADC1D006F6712A0609BC
1572361845486: This is not a Pixie tag.
1572361845488: Entered a time point. Next time point is: 320300000
Tag totals found during this time period:
1572361845489: Checking for matches.
1572361845489: Found no 000000000000073 entries this time interval. Skipping it.
1572361845489: Reporting Wet Tags
1572361845489: Tag 000000000000073 has had max sends. Skipping.
1572361845490: Tag 000000000000062 has had max sends. Skipping.
1572361845492: Tag 000000000000080 has had max sends. Skipping.
1572361847022: Detected a tag: 3504ADC1D006F6712A0609BC
1572361847024: This is not a Pixie tag.
1572361847025: Entered a time point. Next time point is: 320350000
Tag totals found during this time period:
1572361847025: Checking for matches.
1572361847026: Found no 000000000000073 entries this time interval. Skipping it.
1572361847026: Reporting Wet Tags
1572361847026: Tag 000000000000073 has had max sends. Skipping.
1572361847027: Tag 000000000000062 has had max sends. Skipping.
1572361847027: Tag 000000000000080 has had max sends. Skipping.
1572361853773: Detected a tag: 3504ADC1D006F6712A0609BC
1572361853776: This is not a Pixie tag.
1572361853776: Entered a time point. Next time point is: 320400000
Tag totals found during this time period:
1572361853777: Checking for matches.
1572361853777: Found no 000000000000073 entries this time interval. Skipping it.
1572361853778: Reporting Wet Tags
1572361853778: Tag 000000000000073 has had max sends. Skipping.
1572361853778: Tag 000000000000062 has had max sends. Skipping.
1572361853778: Tag 000000000000080 has had max sends. Skipping.
1572361854588: Detected a tag: 3504ADCDA001E4E12A092D50
1572361854594: This is not a Pixie tag.
1572361854594: Entered a time point. Next time point is: 320450000
Tag totals found during this time period:
1572361854594: Checking for matches.
1572361854595: Found no 000000000000073 entries this time interval. Skipping it.
1572361854595: Reporting Wet Tags
1572361854595: Tag 000000000000073 has had max sends. Skipping.
1572361854596: Tag 000000000000062 has had max sends. Skipping.
1572361854596: Tag 000000000000080 has had max sends. Skipping.
1572361867093: Detected a tag: 3504ADCDA001E4E12A092D50
1572361867098: This is not a Pixie tag.
1572361867098: Entered a time point. Next time point is: 320500000
Tag totals found during this time period:
1572361867099: Checking for matches.
1572361867099: Found no 000000000000073 entries this time interval. Skipping it.
1572361867100: Reporting Wet Tags
1572361867100: Tag 000000000000073 has had max sends. Skipping.
1572361867100: Tag 000000000000062 has had max sends. Skipping.
1572361867100: Tag 000000000000080 has had max sends. Skipping.
1572361867204: Detected a tag: 3504ADC1D006F6712A0609BC
1572361867210: This is not a Pixie tag.
1572361867210: Entered a time point. Next time point is: 320550000
Tag totals found during this time period:
1572361867214: Checking for matches.
1572361867215: Found no 000000000000073 entries this time interval. Skipping it.
1572361867215: Reporting Wet Tags
1572361867215: Tag 000000000000073 has had max sends. Skipping.
1572361867215: Tag 000000000000062 has had max sends. Skipping.
1572361867216: Tag 000000000000080 has had max sends. Skipping.
1572361875589: Detected a tag: 3504ADCDA001E4E12A092D50
1572361875592: This is not a Pixie tag.
1572361875592: Entered a time point. Next time point is: 320600000
Tag totals found during this time period:
1572361875593: Checking for matches.
1572361875593: Found no 000000000000073 entries this time interval. Skipping it.
1572361875593: Reporting Wet Tags
1572361875594: Tag 000000000000073 has had max sends. Skipping.
1572361875594: Tag 000000000000062 has had max sends. Skipping.
1572361875594: Tag 000000000000080 has had max sends. Skipping.
1572361879692: Detected a tag: 3504ADC1D006F6712A0609BC
1572361879698: This is not a Pixie tag.
1572361879698: Entered a time point. Next time point is: 320650000
Tag totals found during this time period:
1572361879702: Checking for matches.
1572361879702: Found no 000000000000073 entries this time interval. Skipping it.
1572361879702: Reporting Wet Tags
1572361879702: Tag 000000000000073 has had max sends. Skipping.
1572361879705: Tag 000000000000062 has had max sends. Skipping.
1572361879705: Tag 000000000000080 has had max sends. Skipping.
1572361900621: Detected a tag: 3504ADC1D006F6712A0609BC
1572361900626: This is not a Pixie tag.
1572361900626: Entered a time point. Next time point is: 320700000
Tag totals found during this time period:
1572361900629: Checking for matches.
1572361900631: Found no 000000000000073 entries this time interval. Skipping it.
1572361900631: Reporting Wet Tags
1572361900631: Tag 000000000000073 has had max sends. Skipping.
1572361900631: Tag 000000000000062 has had max sends. Skipping.
1572361900632: Tag 000000000000080 has had max sends. Skipping.
1572361901002: Detected a tag: 3504ADCDA001E4E12A092D50
1572361901006: This is not a Pixie tag.
1572361901007: Entered a time point. Next time point is: 320750000
Tag totals found during this time period:
1572361901007: Checking for matches.
1572361901014: Found no 000000000000073 entries this time interval. Skipping it.
1572361901014: Reporting Wet Tags
1572361901014: Tag 000000000000073 has had max sends. Skipping.
1572361901014: Tag 000000000000062 has had max sends. Skipping.
1572361901014: Tag 000000000000080 has had max sends. Skipping.
1572361902633: Detected a tag: 3504ADC1D006F6712A0609BC
1572361902636: This is not a Pixie tag.
1572361902637: Entered a time point. Next time point is: 320800000
Tag totals found during this time period:
1572361902637: Checking for matches.
1572361902637: Found no 000000000000073 entries this time interval. Skipping it.
1572361902638: Reporting Wet Tags
1572361902638: Tag 000000000000073 has had max sends. Skipping.
1572361902638: Tag 000000000000062 has had max sends. Skipping.
1572361902638: Tag 000000000000080 has had max sends. Skipping.
1572361904918: Detected a tag: 3504ADC1D006F6712A0609BC
1572361904930: This is not a Pixie tag.
1572361904930: Entered a time point. Next time point is: 320850000
Tag totals found during this time period:
1572361904930: Checking for matches.
1572361904931: Found no 000000000000073 entries this time interval. Skipping it.
1572361904931: Reporting Wet Tags
1572361904931: Tag 000000000000073 has had max sends. Skipping.
1572361904935: Tag 000000000000062 has had max sends. Skipping.
1572361904936: Tag 000000000000080 has had max sends. Skipping.
1572361906372: Detected a tag: 3504ADC1D006F6712A0609BC
1572361906373: This is not a Pixie tag.
1572361906374: Entered a time point. Next time point is: 320900000
Tag totals found during this time period:
1572361906374: Checking for matches.
1572361906374: Found no 000000000000073 entries this time interval. Skipping it.
1572361906374: Reporting Wet Tags
1572361906374: Tag 000000000000073 has had max sends. Skipping.
1572361906374: Tag 000000000000062 has had max sends. Skipping.
1572361906374: Tag 000000000000080 has had max sends. Skipping.
